2020-06-27 12:06:39,993 [DEBUG] /usr/lib/python3.6/asyncio/selector_events.py:54 Using selector: EpollSelector
2020-06-27 12:06:48,267 [DEBUG] /usr/lib/python3.6/asyncio/selector_events.py:54 Using selector: EpollSelector
2020-06-27 12:06:48,765 [DEBUG] /usr/lib/python3.6/asyncio/selector_events.py:54 Using selector: EpollSelector
2020-06-27 12:14:06,676 [DEBUG] /usr/lib/python3.6/asyncio/selector_events.py:54 Using selector: EpollSelector
2020-06-27 12:14:10,466 [DEBUG] /usr/lib/python3.6/asyncio/selector_events.py:54 Using selector: EpollSelector
2020-06-27 12:14:10,962 [DEBUG] /usr/lib/python3.6/asyncio/selector_events.py:54 Using selector: EpollSelector
2020-06-27 12:24:08,323 [DEBUG] /usr/lib/python3.6/asyncio/selector_events.py:54 Using selector: EpollSelector
2020-06-27 12:50:30,239 [DEBUG] /usr/lib/python3.6/asyncio/selector_events.py:54 Using selector: EpollSelector
2020-06-27 12:50:34,603 [DEBUG] /usr/lib/python3.6/asyncio/selector_events.py:54 Using selector: EpollSelector
2020-06-27 12:50:46,859 [DEBUG] /usr/lib/python3.6/asyncio/selector_events.py:54 Using selector: EpollSelector
2020-06-27 12:51:07,587 [DEBUG] /usr/lib/python3.6/asyncio/selector_events.py:54 Using selector: EpollSelector
2020-06-27 12:51:13,151 [DEBUG] /usr/lib/python3.6/asyncio/selector_events.py:54 Using selector: EpollSelector
2020-06-27 13:09:23,190 [DEBUG] /usr/lib/python3.6/asyncio/selector_events.py:54 Using selector: EpollSelector
2020-06-27 13:09:48,781 [DEBUG] /usr/lib/python3.6/asyncio/selector_events.py:54 Using selector: EpollSelector
2020-06-27 13:10:33,253 [DEBUG] /usr/lib/python3.6/asyncio/selector_events.py:54 Using selector: EpollSelector
2020-06-27 13:10:35,300 [DEBUG] /usr/lib/python3.6/asyncio/selector_events.py:54 Using selector: EpollSelector
2020-06-27 13:11:51,017 [DEBUG] /usr/lib/python3.6/asyncio/selector_events.py:54 Using selector: EpollSelector
2020-06-27 13:11:57,987 [DEBUG] /usr/lib/python3.6/asyncio/selector_events.py:54 Using selector: EpollSelector
2020-06-27 13:36:38,816 [DEBUG] /usr/lib/python3.6/asyncio/selector_events.py:54 Using selector: EpollSelector
2020-06-27 13:36:48,249 [DEBUG] /usr/lib/python3.6/asyncio/selector_events.py:54 Using selector: EpollSelector
2020-06-27 13:36:56,390 [DEBUG] /usr/lib/python3.6/asyncio/selector_events.py:54 Using selector: EpollSelector
2020-06-27 13:37:02,051 [DEBUG] /usr/lib/python3.6/asyncio/selector_events.py:54 Using selector: EpollSelector
2020-06-27 13:37:17,815 [DEBUG] /usr/lib/python3.6/asyncio/selector_events.py:54 Using selector: EpollSelector
2020-06-27 13:37:24,743 [DEBUG] /usr/lib/python3.6/asyncio/selector_events.py:54 Using selector: EpollSelector
2020-06-27 13:37:39,396 [DEBUG] /usr/lib/python3.6/asyncio/selector_events.py:54 Using selector: EpollSelector
2020-06-27 13:41:33,445 [DEBUG] /usr/lib/python3.6/asyncio/selector_events.py:54 Using selector: EpollSelector
2020-06-27 13:46:00,399 [DEBUG] /usr/lib/python3.6/asyncio/selector_events.py:54 Using selector: EpollSelector
2020-06-27 14:15:04,833 [DEBUG] /usr/lib/python3.6/asyncio/selector_events.py:54 Using selector: EpollSelector
2020-06-27 14:15:26,753 [DEBUG] /usr/lib/python3.6/asyncio/selector_events.py:54 Using selector: EpollSelector
2020-06-27 14:16:56,131 [DEBUG] /usr/lib/python3.6/asyncio/selector_events.py:54 Using selector: EpollSelector
2020-06-27 14:18:44,325 [DEBUG] /home/hogehoge/.local/lib/python3.6/site-packages/PIL/Image.py:404 Importing BlpImagePlugin
2020-06-27 14:18:44,327 [DEBUG] /home/hogehoge/.local/lib/python3.6/site-packages/PIL/Image.py:404 Importing BmpImagePlugin
2020-06-27 14:18:44,328 [DEBUG] /home/hogehoge/.local/lib/python3.6/site-packages/PIL/Image.py:404 Importing BufrStubImagePlugin
2020-06-27 14:18:44,330 [DEBUG] /home/hogehoge/.local/lib/python3.6/site-packages/PIL/Image.py:404 Importing CurImagePlugin
2020-06-27 14:18:44,332 [DEBUG] /home/hogehoge/.local/lib/python3.6/site-packages/PIL/Image.py:404 Importing DcxImagePlugin
2020-06-27 14:18:44,335 [DEBUG] /home/hogehoge/.local/lib/python3.6/site-packages/PIL/Image.py:404 Importing DdsImagePlugin
2020-06-27 14:18:44,336 [DEBUG] /home/hogehoge/.local/lib/python3.6/site-packages/PIL/Image.py:404 Importing EpsImagePlugin
2020-06-27 14:18:44,339 [DEBUG] /home/hogehoge/.local/lib/python3.6/site-packages/PIL/Image.py:404 Importing FitsStubImagePlugin
2020-06-27 14:18:44,341 [DEBUG] /home/hogehoge/.local/lib/python3.6/site-packages/PIL/Image.py:404 Importing FliImagePlugin
2020-06-27 14:18:44,343 [DEBUG] /home/hogehoge/.local/lib/python3.6/site-packages/PIL/Image.py:404 Importing FpxImagePlugin
2020-06-27 14:18:44,351 [DEBUG] /home/hogehoge/.local/lib/python3.6/site-packages/PIL/Image.py:404 Importing FtexImagePlugin
2020-06-27 14:18:44,352 [DEBUG] /home/hogehoge/.local/lib/python3.6/site-packages/PIL/Image.py:404 Importing GbrImagePlugin
2020-06-27 14:18:44,353 [DEBUG] /home/hogehoge/.local/lib/python3.6/site-packages/PIL/Image.py:404 Importing GifImagePlugin
2020-06-27 14:18:44,354 [DEBUG] /home/hogehoge/.local/lib/python3.6/site-packages/PIL/Image.py:404 Importing GribStubImagePlugin
2020-06-27 14:18:44,355 [DEBUG] /home/hogehoge/.local/lib/python3.6/site-packages/PIL/Image.py:404 Importing Hdf5StubImagePlugin
2020-06-27 14:18:44,356 [DEBUG] /home/hogehoge/.local/lib/python3.6/site-packages/PIL/Image.py:404 Importing IcnsImagePlugin
2020-06-27 14:18:44,359 [DEBUG] /home/hogehoge/.local/lib/python3.6/site-packages/PIL/Image.py:404 Importing IcoImagePlugin
2020-06-27 14:18:44,361 [DEBUG] /home/hogehoge/.local/lib/python3.6/site-packages/PIL/Image.py:404 Importing ImImagePlugin
2020-06-27 14:18:44,362 [DEBUG] /home/hogehoge/.local/lib/python3.6/site-packages/PIL/Image.py:404 Importing ImtImagePlugin
2020-06-27 14:18:44,364 [DEBUG] /home/hogehoge/.local/lib/python3.6/site-packages/PIL/Image.py:404 Importing IptcImagePlugin
2020-06-27 14:18:44,365 [DEBUG] /home/hogehoge/.local/lib/python3.6/site-packages/PIL/Image.py:404 Importing JpegImagePlugin
2020-06-27 14:18:44,365 [DEBUG] /home/hogehoge/.local/lib/python3.6/site-packages/PIL/Image.py:404 Importing Jpeg2KImagePlugin
2020-06-27 14:18:44,366 [DEBUG] /home/hogehoge/.local/lib/python3.6/site-packages/PIL/Image.py:404 Importing McIdasImagePlugin
2020-06-27 14:18:44,367 [DEBUG] /home/hogehoge/.local/lib/python3.6/site-packages/PIL/Image.py:404 Importing MicImagePlugin
2020-06-27 14:18:44,368 [DEBUG] /home/hogehoge/.local/lib/python3.6/site-packages/PIL/Image.py:404 Importing MpegImagePlugin
2020-06-27 14:18:44,369 [DEBUG] /home/hogehoge/.local/lib/python3.6/site-packages/PIL/Image.py:404 Importing MpoImagePlugin
2020-06-27 14:18:44,370 [DEBUG] /home/hogehoge/.local/lib/python3.6/site-packages/PIL/Image.py:404 Importing MspImagePlugin
2020-06-27 14:18:44,371 [DEBUG] /home/hogehoge/.local/lib/python3.6/site-packages/PIL/Image.py:404 Importing PalmImagePlugin
2020-06-27 14:18:44,374 [DEBUG] /home/hogehoge/.local/lib/python3.6/site-packages/PIL/Image.py:404 Importing PcdImagePlugin
2020-06-27 14:18:44,376 [DEBUG] /home/hogehoge/.local/lib/python3.6/site-packages/PIL/Image.py:404 Importing PcxImagePlugin
2020-06-27 14:18:44,376 [DEBUG] /home/hogehoge/.local/lib/python3.6/site-packages/PIL/Image.py:404 Importing PdfImagePlugin
2020-06-27 14:18:44,385 [DEBUG] /home/hogehoge/.local/lib/python3.6/site-packages/PIL/Image.py:404 Importing PixarImagePlugin
2020-06-27 14:18:44,386 [DEBUG] /home/hogehoge/.local/lib/python3.6/site-packages/PIL/Image.py:404 Importing PngImagePlugin
2020-06-27 14:18:44,387 [DEBUG] /home/hogehoge/.local/lib/python3.6/site-packages/PIL/Image.py:404 Importing PpmImagePlugin
2020-06-27 14:18:44,387 [DEBUG] /home/hogehoge/.local/lib/python3.6/site-packages/PIL/Image.py:404 Importing PsdImagePlugin
2020-06-27 14:18:44,389 [DEBUG] /home/hogehoge/.local/lib/python3.6/site-packages/PIL/Image.py:404 Importing SgiImagePlugin
2020-06-27 14:18:44,390 [DEBUG] /home/hogehoge/.local/lib/python3.6/site-packages/PIL/Image.py:404 Importing SpiderImagePlugin
2020-06-27 14:18:44,391 [DEBUG] /home/hogehoge/.local/lib/python3.6/site-packages/PIL/Image.py:404 Importing SunImagePlugin
2020-06-27 14:18:44,393 [DEBUG] /home/hogehoge/.local/lib/python3.6/site-packages/PIL/Image.py:404 Importing TgaImagePlugin
2020-06-27 14:18:44,394 [DEBUG] /home/hogehoge/.local/lib/python3.6/site-packages/PIL/Image.py:404 Importing TiffImagePlugin
2020-06-27 14:18:44,394 [DEBUG] /home/hogehoge/.local/lib/python3.6/site-packages/PIL/Image.py:404 Importing WebPImagePlugin
2020-06-27 14:18:44,403 [DEBUG] /home/hogehoge/.local/lib/python3.6/site-packages/PIL/Image.py:404 Importing WmfImagePlugin
2020-06-27 14:18:44,405 [DEBUG] /home/hogehoge/.local/lib/python3.6/site-packages/PIL/Image.py:404 Importing XbmImagePlugin
2020-06-27 14:18:44,408 [DEBUG] /home/hogehoge/.local/lib/python3.6/site-packages/PIL/Image.py:404 Importing XpmImagePlugin
2020-06-27 14:18:44,410 [DEBUG] /home/hogehoge/.local/lib/python3.6/site-packages/PIL/Image.py:404 Importing XVThumbImagePlugin
2020-06-27 15:02:39,341 [DEBUG] /usr/lib/python3.8/asyncio/selector_events.py:59 Using selector: EpollSelector
2020-06-27 15:09:11,084 [DEBUG] /usr/lib/python3.8/asyncio/selector_events.py:59 Using selector: EpollSelector
2020-06-27 15:09:50,806 [DEBUG] /usr/lib/python3.8/asyncio/selector_events.py:59 Using selector: EpollSelector
2020-06-27 15:22:26,819 [DEBUG] c:\users\yu10wa\appdata\local\programs\python\python38\lib\asyncio\proactor_events.py:623 Using proactor: IocpProactor
2020-06-27 15:22:34,793 [DEBUG] c:\users\yu10wa\appdata\local\programs\python\python38\lib\asyncio\proactor_events.py:623 Using proactor: IocpProactor
2020-06-27 15:23:23,637 [DEBUG] c:\users\yu10wa\appdata\local\programs\python\python38\lib\asyncio\proactor_events.py:623 Using proactor: IocpProactor
2020-06-27 15:25:12,111 [DEBUG] /usr/lib/python3.8/asyncio/selector_events.py:59 Using selector: EpollSelector
2020-06-27 15:25:34,137 [DEBUG] /usr/lib/python3.8/asyncio/selector_events.py:59 Using selector: EpollSelector
2020-06-27 17:27:20,916 [DEBUG] c:\users\yu10wa\appdata\local\programs\python\python38\lib\asyncio\proactor_events.py:623 Using proactor: IocpProactor
2020-06-27 17:27:23,699 [DEBUG] c:\users\yu10wa\appdata\local\programs\python\python38\lib\asyncio\proactor_events.py:623 Using proactor: IocpProactor
2020-06-27 17:27:33,685 [DEBUG] c:\users\yu10wa\appdata\local\programs\python\python38\lib\asyncio\proactor_events.py:623 Using proactor: IocpProactor
2020-06-27 17:28:33,573 [DEBUG] c:\users\yu10wa\appdata\local\programs\python\python38\lib\asyncio\proactor_events.py:623 Using proactor: IocpProactor
2020-06-27 17:28:33,662 [DEBUG] c:\users\yu10wa\appdata\local\programs\python\python38\lib\asyncio\proactor_events.py:623 Using proactor: IocpProactor
2020-06-27 17:48:39,372 [DEBUG] C:\Users\yu10wa\Envs\my_django_environment\lib\site-packages\PIL\PngImagePlugin.py:153 STREAM b'IHDR' 16 13
2020-06-27 17:48:39,374 [DEBUG] C:\Users\yu10wa\Envs\my_django_environment\lib\site-packages\PIL\PngImagePlugin.py:153 STREAM b'sRGB' 41 1
2020-06-27 17:48:39,374 [DEBUG] C:\Users\yu10wa\Envs\my_django_environment\lib\site-packages\PIL\PngImagePlugin.py:153 STREAM b'gAMA' 54 4
2020-06-27 17:48:39,375 [DEBUG] C:\Users\yu10wa\Envs\my_django_environment\lib\site-packages\PIL\PngImagePlugin.py:153 STREAM b'pHYs' 70 9
2020-06-27 17:48:39,375 [DEBUG] C:\Users\yu10wa\Envs\my_django_environment\lib\site-packages\PIL\PngImagePlugin.py:153 STREAM b'tEXt' 91 33
2020-06-27 17:48:39,376 [DEBUG] C:\Users\yu10wa\Envs\my_django_environment\lib\site-packages\PIL\PngImagePlugin.py:153 STREAM b'IDAT' 136 65400
2020-06-27 17:48:39,382 [DEBUG] C:\Users\yu10wa\Envs\my_django_environment\lib\site-packages\PIL\Image.py:404 Importing BlpImagePlugin
2020-06-27 17:48:39,384 [DEBUG] C:\Users\yu10wa\Envs\my_django_environment\lib\site-packages\PIL\Image.py:404 Importing BmpImagePlugin
2020-06-27 17:48:39,384 [DEBUG] C:\Users\yu10wa\Envs\my_django_environment\lib\site-packages\PIL\Image.py:404 Importing BufrStubImagePlugin
2020-06-27 17:48:39,386 [DEBUG] C:\Users\yu10wa\Envs\my_django_environment\lib\site-packages\PIL\Image.py:404 Importing CurImagePlugin
2020-06-27 17:48:39,387 [DEBUG] C:\Users\yu10wa\Envs\my_django_environment\lib\site-packages\PIL\Image.py:404 Importing DcxImagePlugin
2020-06-27 17:48:39,390 [DEBUG] C:\Users\yu10wa\Envs\my_django_environment\lib\site-packages\PIL\Image.py:404 Importing DdsImagePlugin
2020-06-27 17:48:39,391 [DEBUG] C:\Users\yu10wa\Envs\my_django_environment\lib\site-packages\PIL\Image.py:404 Importing EpsImagePlugin
2020-06-27 17:48:39,418 [DEBUG] C:\Users\yu10wa\Envs\my_django_environment\lib\site-packages\PIL\Image.py:404 Importing FitsStubImagePlugin
2020-06-27 17:48:39,420 [DEBUG] C:\Users\yu10wa\Envs\my_django_environment\lib\site-packages\PIL\Image.py:404 Importing FliImagePlugin
2020-06-27 17:48:39,421 [DEBUG] C:\Users\yu10wa\Envs\my_django_environment\lib\site-packages\PIL\Image.py:404 Importing FpxImagePlugin
2020-06-27 17:48:39,422 [DEBUG] C:\Users\yu10wa\Envs\my_django_environment\lib\site-packages\PIL\Image.py:407 Image: failed to import FpxImagePlugin: No module named 'olefile'
2020-06-27 17:48:39,422 [DEBUG] C:\Users\yu10wa\Envs\my_django_environment\lib\site-packages\PIL\Image.py:404 Importing FtexImagePlugin
2020-06-27 17:48:39,424 [DEBUG] C:\Users\yu10wa\Envs\my_django_environment\lib\site-packages\PIL\Image.py:404 Importing GbrImagePlugin
2020-06-27 17:48:39,425 [DEBUG] C:\Users\yu10wa\Envs\my_django_environment\lib\site-packages\PIL\Image.py:404 Importing GifImagePlugin
2020-06-27 17:48:39,426 [DEBUG] C:\Users\yu10wa\Envs\my_django_environment\lib\site-packages\PIL\Image.py:404 Importing GribStubImagePlugin
2020-06-27 17:48:39,428 [DEBUG] C:\Users\yu10wa\Envs\my_django_environment\lib\site-packages\PIL\Image.py:404 Importing Hdf5StubImagePlugin
2020-06-27 17:48:39,429 [DEBUG] C:\Users\yu10wa\Envs\my_django_environment\lib\site-packages\PIL\Image.py:404 Importing IcnsImagePlugin
2020-06-27 17:48:39,432 [DEBUG] C:\Users\yu10wa\Envs\my_django_environment\lib\site-packages\PIL\Image.py:404 Importing IcoImagePlugin
2020-06-27 17:48:39,433 [DEBUG] C:\Users\yu10wa\Envs\my_django_environment\lib\site-packages\PIL\Image.py:404 Importing ImImagePlugin
2020-06-27 17:48:39,435 [DEBUG] C:\Users\yu10wa\Envs\my_django_environment\lib\site-packages\PIL\Image.py:404 Importing ImtImagePlugin
2020-06-27 17:48:39,437 [DEBUG] C:\Users\yu10wa\Envs\my_django_environment\lib\site-packages\PIL\Image.py:404 Importing IptcImagePlugin
2020-06-27 17:48:39,440 [DEBUG] C:\Users\yu10wa\Envs\my_django_environment\lib\site-packages\PIL\Image.py:404 Importing JpegImagePlugin
2020-06-27 17:48:39,440 [DEBUG] C:\Users\yu10wa\Envs\my_django_environment\lib\site-packages\PIL\Image.py:404 Importing Jpeg2KImagePlugin
2020-06-27 17:48:39,440 [DEBUG] C:\Users\yu10wa\Envs\my_django_environment\lib\site-packages\PIL\Image.py:404 Importing McIdasImagePlugin
2020-06-27 17:48:39,442 [DEBUG] C:\Users\yu10wa\Envs\my_django_environment\lib\site-packages\PIL\Image.py:404 Importing MicImagePlugin
2020-06-27 17:48:39,444 [DEBUG] C:\Users\yu10wa\Envs\my_django_environment\lib\site-packages\PIL\Image.py:407 Image: failed to import MicImagePlugin: No module named 'olefile'
2020-06-27 17:48:39,444 [DEBUG] C:\Users\yu10wa\Envs\my_django_environment\lib\site-packages\PIL\Image.py:404 Importing MpegImagePlugin
2020-06-27 17:48:39,445 [DEBUG] C:\Users\yu10wa\Envs\my_django_environment\lib\site-packages\PIL\Image.py:404 Importing MpoImagePlugin
2020-06-27 17:48:39,445 [DEBUG] C:\Users\yu10wa\Envs\my_django_environment\lib\site-packages\PIL\Image.py:404 Importing MspImagePlugin
2020-06-27 17:48:39,448 [DEBUG] C:\Users\yu10wa\Envs\my_django_environment\lib\site-packages\PIL\Image.py:404 Importing PalmImagePlugin
2020-06-27 17:48:39,453 [DEBUG] C:\Users\yu10wa\Envs\my_django_environment\lib\site-packages\PIL\Image.py:404 Importing PcdImagePlugin
2020-06-27 17:48:39,454 [DEBUG] C:\Users\yu10wa\Envs\my_django_environment\lib\site-packages\PIL\Image.py:404 Importing PcxImagePlugin
2020-06-27 17:48:39,455 [DEBUG] C:\Users\yu10wa\Envs\my_django_environment\lib\site-packages\PIL\Image.py:404 Importing PdfImagePlugin
2020-06-27 17:48:39,464 [DEBUG] C:\Users\yu10wa\Envs\my_django_environment\lib\site-packages\PIL\Image.py:404 Importing PixarImagePlugin
2020-06-27 17:48:39,465 [DEBUG] C:\Users\yu10wa\Envs\my_django_environment\lib\site-packages\PIL\Image.py:404 Importing PngImagePlugin
2020-06-27 17:48:39,465 [DEBUG] C:\Users\yu10wa\Envs\my_django_environment\lib\site-packages\PIL\Image.py:404 Importing PpmImagePlugin
2020-06-27 17:48:39,465 [DEBUG] C:\Users\yu10wa\Envs\my_django_environment\lib\site-packages\PIL\Image.py:404 Importing PsdImagePlugin
2020-06-27 17:48:39,467 [DEBUG] C:\Users\yu10wa\Envs\my_django_environment\lib\site-packages\PIL\Image.py:404 Importing SgiImagePlugin
2020-06-27 17:48:39,469 [DEBUG] C:\Users\yu10wa\Envs\my_django_environment\lib\site-packages\PIL\Image.py:404 Importing SpiderImagePlugin
2020-06-27 17:48:39,470 [DEBUG] C:\Users\yu10wa\Envs\my_django_environment\lib\site-packages\PIL\Image.py:404 Importing SunImagePlugin
2020-06-27 17:48:39,471 [DEBUG] C:\Users\yu10wa\Envs\my_django_environment\lib\site-packages\PIL\Image.py:404 Importing TgaImagePlugin
2020-06-27 17:48:39,472 [DEBUG] C:\Users\yu10wa\Envs\my_django_environment\lib\site-packages\PIL\Image.py:404 Importing TiffImagePlugin
2020-06-27 17:48:39,473 [DEBUG] C:\Users\yu10wa\Envs\my_django_environment\lib\site-packages\PIL\Image.py:404 Importing WebPImagePlugin
2020-06-27 17:48:39,502 [DEBUG] C:\Users\yu10wa\Envs\my_django_environment\lib\site-packages\PIL\Image.py:404 Importing WmfImagePlugin
2020-06-27 17:48:39,503 [DEBUG] C:\Users\yu10wa\Envs\my_django_environment\lib\site-packages\PIL\Image.py:404 Importing XbmImagePlugin
2020-06-27 17:48:39,506 [DEBUG] C:\Users\yu10wa\Envs\my_django_environment\lib\site-packages\PIL\Image.py:404 Importing XpmImagePlugin
2020-06-27 17:48:39,507 [DEBUG] C:\Users\yu10wa\Envs\my_django_environment\lib\site-packages\PIL\Image.py:404 Importing XVThumbImagePlugin
2020-06-27 18:03:02,119 [DEBUG] c:\users\yu10wa\appdata\local\programs\python\python38\lib\asyncio\proactor_events.py:623 Using proactor: IocpProactor
2020-06-27 18:09:23,984 [DEBUG] c:\users\yu10wa\appdata\local\programs\python\python38\lib\asyncio\proactor_events.py:623 Using proactor: IocpProactor
2020-06-27 18:09:24,058 [DEBUG] c:\users\yu10wa\appdata\local\programs\python\python38\lib\asyncio\proactor_events.py:623 Using proactor: IocpProactor
2020-06-27 18:53:00,583 [DEBUG] c:\users\yu10wa\appdata\local\programs\python\python38\lib\asyncio\proactor_events.py:623 Using proactor: IocpProactor
2020-06-27 18:55:41,715 [DEBUG] c:\users\yu10wa\appdata\local\programs\python\python38\lib\asyncio\proactor_events.py:623 Using proactor: IocpProactor
2020-06-27 18:57:10,152 [DEBUG] c:\users\yu10wa\appdata\local\programs\python\python38\lib\asyncio\proactor_events.py:623 Using proactor: IocpProactor
2020-06-27 18:57:15,172 [DEBUG] c:\users\yu10wa\appdata\local\programs\python\python38\lib\asyncio\proactor_events.py:623 Using proactor: IocpProactor
2020-06-27 18:57:15,253 [DEBUG] c:\users\yu10wa\appdata\local\programs\python\python38\lib\asyncio\proactor_events.py:623 Using proactor: IocpProactor
2020-06-27 19:02:07,696 [DEBUG] c:\users\yu10wa\appdata\local\programs\python\python38\lib\asyncio\proactor_events.py:623 Using proactor: IocpProactor
2020-06-27 19:05:05,815 [DEBUG] c:\users\yu10wa\appdata\local\programs\python\python38\lib\asyncio\proactor_events.py:623 Using proactor: IocpProactor
2020-06-27 19:08:00,121 [DEBUG] c:\users\yu10wa\appdata\local\programs\python\python38\lib\asyncio\proactor_events.py:623 Using proactor: IocpProactor
2020-06-27 19:08:00,168 [DEBUG] c:\users\yu10wa\appdata\local\programs\python\python38\lib\asyncio\proactor_events.py:623 Using proactor: IocpProactor
2020-06-27 19:09:37,613 [DEBUG] c:\users\yu10wa\appdata\local\programs\python\python38\lib\asyncio\proactor_events.py:623 Using proactor: IocpProactor
2020-06-27 19:27:50,954 [DEBUG] c:\users\yu10wa\appdata\local\programs\python\python38\lib\asyncio\proactor_events.py:623 Using proactor: IocpProactor
2020-06-27 19:27:51,057 [DEBUG] c:\users\yu10wa\appdata\local\programs\python\python38\lib\asyncio\proactor_events.py:623 Using proactor: IocpProactor
2020-06-28 12:56:33,197 [DEBUG] c:\users\yu10wa\appdata\local\programs\python\python38\lib\asyncio\proactor_events.py:623 Using proactor: IocpProactor
2020-06-28 13:14:41,808 [DEBUG] c:\users\yu10wa\appdata\local\programs\python\python38\lib\asyncio\proactor_events.py:623 Using proactor: IocpProactor
2020-06-28 13:17:43,607 [DEBUG] c:\users\yu10wa\appdata\local\programs\python\python38\lib\asyncio\proactor_events.py:623 Using proactor: IocpProactor
2020-06-28 16:58:06,312 [DEBUG] c:\users\yu10wa\appdata\local\programs\python\python38\lib\asyncio\proactor_events.py:623 Using proactor: IocpProactor
2020-06-28 16:58:06,386 [DEBUG] c:\users\yu10wa\appdata\local\programs\python\python38\lib\asyncio\proactor_events.py:623 Using proactor: IocpProactor
2020-06-28 18:41:28,335 [DEBUG] c:\users\yu10wa\appdata\local\programs\python\python38\lib\asyncio\proactor_events.py:623 Using proactor: IocpProactor
2020-06-28 18:51:33,960 [DEBUG] c:\users\yu10wa\appdata\local\programs\python\python38\lib\asyncio\proactor_events.py:623 Using proactor: IocpProactor
2020-06-28 19:31:15,637 [DEBUG] c:\users\yu10wa\appdata\local\programs\python\python38\lib\asyncio\proactor_events.py:623 Using proactor: IocpProactor
2020-06-28 20:07:08,276 [DEBUG] c:\users\yu10wa\appdata\local\programs\python\python38\lib\asyncio\proactor_events.py:623 Using proactor: IocpProactor
2020-06-28 20:12:38,273 [DEBUG] c:\users\yu10wa\appdata\local\programs\python\python38\lib\asyncio\proactor_events.py:623 Using proactor: IocpProactor
2020-06-28 20:45:01,678 [DEBUG] c:\users\yu10wa\appdata\local\programs\python\python38\lib\asyncio\proactor_events.py:623 Using proactor: IocpProactor
2020-06-28 21:06:10,809 [DEBUG] c:\users\yu10wa\appdata\local\programs\python\python38\lib\asyncio\proactor_events.py:623 Using proactor: IocpProactor
2020-06-28 21:26:23,782 [DEBUG] c:\users\yu10wa\appdata\local\programs\python\python38\lib\asyncio\proactor_events.py:623 Using proactor: IocpProactor
2020-06-28 21:26:47,128 [DEBUG] c:\users\yu10wa\appdata\local\programs\python\python38\lib\asyncio\proactor_events.py:623 Using proactor: IocpProactor
2020-06-28 21:28:40,932 [DEBUG] c:\users\yu10wa\appdata\local\programs\python\python38\lib\asyncio\proactor_events.py:623 Using proactor: IocpProactor
2020-06-28 21:29:51,833 [DEBUG] c:\users\yu10wa\appdata\local\programs\python\python38\lib\asyncio\proactor_events.py:623 Using proactor: IocpProactor
2020-06-28 21:31:51,879 [DEBUG] c:\users\yu10wa\appdata\local\programs\python\python38\lib\asyncio\proactor_events.py:623 Using proactor: IocpProactor
2020-06-28 21:34:21,375 [DEBUG] c:\users\yu10wa\appdata\local\programs\python\python38\lib\asyncio\proactor_events.py:623 Using proactor: IocpProactor
2020-06-28 21:34:33,721 [DEBUG] c:\users\yu10wa\appdata\local\programs\python\python38\lib\asyncio\proactor_events.py:623 Using proactor: IocpProactor
2020-06-28 21:34:59,732 [DEBUG] c:\users\yu10wa\appdata\local\programs\python\python38\lib\asyncio\proactor_events.py:623 Using proactor: IocpProactor
2020-06-28 21:35:55,664 [DEBUG] c:\users\yu10wa\appdata\local\programs\python\python38\lib\asyncio\proactor_events.py:623 Using proactor: IocpProactor
2020-06-28 21:37:03,397 [DEBUG] c:\users\yu10wa\appdata\local\programs\python\python38\lib\asyncio\proactor_events.py:623 Using proactor: IocpProactor
2020-06-28 21:38:13,109 [DEBUG] c:\users\yu10wa\appdata\local\programs\python\python38\lib\asyncio\proactor_events.py:623 Using proactor: IocpProactor
2020-06-28 21:38:52,538 [DEBUG] c:\users\yu10wa\appdata\local\programs\python\python38\lib\asyncio\proactor_events.py:623 Using proactor: IocpProactor
2020-06-28 22:59:52,478 [DEBUG] C:\Users\yu10wa\Envs\my_django_environment\lib\site-packages\PIL\Image.py:404 Importing BlpImagePlugin
2020-06-28 22:59:52,479 [DEBUG] C:\Users\yu10wa\Envs\my_django_environment\lib\site-packages\PIL\Image.py:404 Importing BmpImagePlugin
2020-06-28 22:59:52,481 [DEBUG] C:\Users\yu10wa\Envs\my_django_environment\lib\site-packages\PIL\Image.py:404 Importing BufrStubImagePlugin
2020-06-28 22:59:52,483 [DEBUG] C:\Users\yu10wa\Envs\my_django_environment\lib\site-packages\PIL\Image.py:404 Importing CurImagePlugin
2020-06-28 22:59:52,484 [DEBUG] C:\Users\yu10wa\Envs\my_django_environment\lib\site-packages\PIL\Image.py:404 Importing DcxImagePlugin
2020-06-28 22:59:52,486 [DEBUG] C:\Users\yu10wa\Envs\my_django_environment\lib\site-packages\PIL\Image.py:404 Importing DdsImagePlugin
2020-06-28 22:59:52,487 [DEBUG] C:\Users\yu10wa\Envs\my_django_environment\lib\site-packages\PIL\Image.py:404 Importing EpsImagePlugin
2020-06-28 22:59:52,502 [DEBUG] C:\Users\yu10wa\Envs\my_django_environment\lib\site-packages\PIL\Image.py:404 Importing FitsStubImagePlugin
2020-06-28 22:59:52,504 [DEBUG] C:\Users\yu10wa\Envs\my_django_environment\lib\site-packages\PIL\Image.py:404 Importing FliImagePlugin
2020-06-28 22:59:52,509 [DEBUG] C:\Users\yu10wa\Envs\my_django_environment\lib\site-packages\PIL\Image.py:404 Importing FpxImagePlugin
2020-06-28 22:59:52,509 [DEBUG] C:\Users\yu10wa\Envs\my_django_environment\lib\site-packages\PIL\Image.py:407 Image: failed to import FpxImagePlugin: No module named 'olefile'
2020-06-28 22:59:52,510 [DEBUG] C:\Users\yu10wa\Envs\my_django_environment\lib\site-packages\PIL\Image.py:404 Importing FtexImagePlugin
2020-06-28 22:59:52,511 [DEBUG] C:\Users\yu10wa\Envs\my_django_environment\lib\site-packages\PIL\Image.py:404 Importing GbrImagePlugin
2020-06-28 22:59:52,521 [DEBUG] C:\Users\yu10wa\Envs\my_django_environment\lib\site-packages\PIL\Image.py:404 Importing GifImagePlugin
2020-06-28 22:59:52,523 [DEBUG] C:\Users\yu10wa\Envs\my_django_environment\lib\site-packages\PIL\Image.py:404 Importing GribStubImagePlugin
2020-06-28 22:59:52,524 [DEBUG] C:\Users\yu10wa\Envs\my_django_environment\lib\site-packages\PIL\Image.py:404 Importing Hdf5StubImagePlugin
2020-06-28 22:59:52,527 [DEBUG] C:\Users\yu10wa\Envs\my_django_environment\lib\site-packages\PIL\Image.py:404 Importing IcnsImagePlugin
2020-06-28 22:59:52,528 [DEBUG] C:\Users\yu10wa\Envs\my_django_environment\lib\site-packages\PIL\Image.py:404 Importing IcoImagePlugin
2020-06-28 22:59:52,529 [DEBUG] C:\Users\yu10wa\Envs\my_django_environment\lib\site-packages\PIL\Image.py:404 Importing ImImagePlugin
2020-06-28 22:59:52,530 [DEBUG] C:\Users\yu10wa\Envs\my_django_environment\lib\site-packages\PIL\Image.py:404 Importing ImtImagePlugin
2020-06-28 22:59:52,531 [DEBUG] C:\Users\yu10wa\Envs\my_django_environment\lib\site-packages\PIL\Image.py:404 Importing IptcImagePlugin
2020-06-28 22:59:52,532 [DEBUG] C:\Users\yu10wa\Envs\my_django_environment\lib\site-packages\PIL\Image.py:404 Importing JpegImagePlugin
2020-06-28 22:59:52,534 [DEBUG] C:\Users\yu10wa\Envs\my_django_environment\lib\site-packages\PIL\Image.py:404 Importing Jpeg2KImagePlugin
2020-06-28 22:59:52,534 [DEBUG] C:\Users\yu10wa\Envs\my_django_environment\lib\site-packages\PIL\Image.py:404 Importing McIdasImagePlugin
2020-06-28 22:59:52,536 [DEBUG] C:\Users\yu10wa\Envs\my_django_environment\lib\site-packages\PIL\Image.py:404 Importing MicImagePlugin
2020-06-28 22:59:52,537 [DEBUG] C:\Users\yu10wa\Envs\my_django_environment\lib\site-packages\PIL\Image.py:407 Image: failed to import MicImagePlugin: No module named 'olefile'
2020-06-28 22:59:52,538 [DEBUG] C:\Users\yu10wa\Envs\my_django_environment\lib\site-packages\PIL\Image.py:404 Importing MpegImagePlugin
2020-06-28 22:59:52,539 [DEBUG] C:\Users\yu10wa\Envs\my_django_environment\lib\site-packages\PIL\Image.py:404 Importing MpoImagePlugin
2020-06-28 22:59:52,540 [DEBUG] C:\Users\yu10wa\Envs\my_django_environment\lib\site-packages\PIL\Image.py:404 Importing MspImagePlugin
2020-06-28 22:59:52,540 [DEBUG] C:\Users\yu10wa\Envs\my_django_environment\lib\site-packages\PIL\Image.py:404 Importing PalmImagePlugin
2020-06-28 22:59:52,541 [DEBUG] C:\Users\yu10wa\Envs\my_django_environment\lib\site-packages\PIL\Image.py:404 Importing PcdImagePlugin
2020-06-28 22:59:52,542 [DEBUG] C:\Users\yu10wa\Envs\my_django_environment\lib\site-packages\PIL\Image.py:404 Importing PcxImagePlugin
2020-06-28 22:59:52,542 [DEBUG] C:\Users\yu10wa\Envs\my_django_environment\lib\site-packages\PIL\Image.py:404 Importing PdfImagePlugin
2020-06-28 22:59:52,549 [DEBUG] C:\Users\yu10wa\Envs\my_django_environment\lib\site-packages\PIL\Image.py:404 Importing PixarImagePlugin
2020-06-28 22:59:52,550 [DEBUG] C:\Users\yu10wa\Envs\my_django_environment\lib\site-packages\PIL\Image.py:404 Importing PngImagePlugin
2020-06-28 22:59:52,550 [DEBUG] C:\Users\yu10wa\Envs\my_django_environment\lib\site-packages\PIL\Image.py:404 Importing PpmImagePlugin
2020-06-28 22:59:52,551 [DEBUG] C:\Users\yu10wa\Envs\my_django_environment\lib\site-packages\PIL\Image.py:404 Importing PsdImagePlugin
2020-06-28 22:59:52,552 [DEBUG] C:\Users\yu10wa\Envs\my_django_environment\lib\site-packages\PIL\Image.py:404 Importing SgiImagePlugin
2020-06-28 22:59:52,553 [DEBUG] C:\Users\yu10wa\Envs\my_django_environment\lib\site-packages\PIL\Image.py:404 Importing SpiderImagePlugin
2020-06-28 22:59:52,554 [DEBUG] C:\Users\yu10wa\Envs\my_django_environment\lib\site-packages\PIL\Image.py:404 Importing SunImagePlugin
2020-06-28 22:59:52,558 [DEBUG] C:\Users\yu10wa\Envs\my_django_environment\lib\site-packages\PIL\Image.py:404 Importing TgaImagePlugin
2020-06-28 22:59:52,559 [DEBUG] C:\Users\yu10wa\Envs\my_django_environment\lib\site-packages\PIL\Image.py:404 Importing TiffImagePlugin
2020-06-28 22:59:52,559 [DEBUG] C:\Users\yu10wa\Envs\my_django_environment\lib\site-packages\PIL\Image.py:404 Importing WebPImagePlugin
2020-06-28 22:59:52,560 [DEBUG] C:\Users\yu10wa\Envs\my_django_environment\lib\site-packages\PIL\Image.py:404 Importing WmfImagePlugin
2020-06-28 22:59:52,561 [DEBUG] C:\Users\yu10wa\Envs\my_django_environment\lib\site-packages\PIL\Image.py:404 Importing XbmImagePlugin
2020-06-28 22:59:52,563 [DEBUG] C:\Users\yu10wa\Envs\my_django_environment\lib\site-packages\PIL\Image.py:404 Importing XpmImagePlugin
2020-06-28 22:59:52,564 [DEBUG] C:\Users\yu10wa\Envs\my_django_environment\lib\site-packages\PIL\Image.py:404 Importing XVThumbImagePlugin
2020-06-29 13:20:42,198 [DEBUG] c:\users\yu10wa\appdata\local\programs\python\python38\lib\asyncio\proactor_events.py:623 Using proactor: IocpProactor
2020-06-29 13:20:47,805 [DEBUG] c:\users\yu10wa\appdata\local\programs\python\python38\lib\asyncio\proactor_events.py:623 Using proactor: IocpProactor
2020-07-02 01:04:45,298 [DEBUG] c:\users\yu10wa\appdata\local\programs\python\python38\lib\asyncio\proactor_events.py:623 Using proactor: IocpProactor
2020-07-02 01:07:16,783 [DEBUG] c:\users\yu10wa\appdata\local\programs\python\python38\lib\asyncio\proactor_events.py:623 Using proactor: IocpProactor
2020-07-02 01:07:29,405 [DEBUG] c:\users\yu10wa\appdata\local\programs\python\python38\lib\asyncio\proactor_events.py:623 Using proactor: IocpProactor
2020-07-02 01:08:52,039 [DEBUG] c:\users\yu10wa\appdata\local\programs\python\python38\lib\asyncio\proactor_events.py:623 Using proactor: IocpProactor
2020-07-02 01:08:52,116 [DEBUG] c:\users\yu10wa\appdata\local\programs\python\python38\lib\asyncio\proactor_events.py:623 Using proactor: IocpProactor
2020-07-02 01:17:46,861 [DEBUG] c:\users\yu10wa\appdata\local\programs\python\python38\lib\asyncio\proactor_events.py:623 Using proactor: IocpProactor
2020-07-02 01:17:50,834 [DEBUG] c:\users\yu10wa\appdata\local\programs\python\python38\lib\asyncio\proactor_events.py:623 Using proactor: IocpProactor
2020-07-02 01:18:26,460 [DEBUG] c:\users\yu10wa\appdata\local\programs\python\python38\lib\asyncio\proactor_events.py:623 Using proactor: IocpProactor
2020-07-02 01:18:39,172 [DEBUG] c:\users\yu10wa\appdata\local\programs\python\python38\lib\asyncio\proactor_events.py:623 Using proactor: IocpProactor
2020-07-02 01:18:39,247 [DEBUG] c:\users\yu10wa\appdata\local\programs\python\python38\lib\asyncio\proactor_events.py:623 Using proactor: IocpProactor
2020-07-02 01:18:41,957 [DEBUG] c:\users\yu10wa\appdata\local\programs\python\python38\lib\asyncio\proactor_events.py:623 Using proactor: IocpProactor
2020-07-02 01:18:44,537 [DEBUG] c:\users\yu10wa\appdata\local\programs\python\python38\lib\asyncio\proactor_events.py:623 Using proactor: IocpProactor
2020-07-02 01:20:09,776 [DEBUG] c:\users\yu10wa\appdata\local\programs\python\python38\lib\asyncio\proactor_events.py:623 Using proactor: IocpProactor
2020-07-02 01:20:12,602 [DEBUG] c:\users\yu10wa\appdata\local\programs\python\python38\lib\asyncio\proactor_events.py:623 Using proactor: IocpProactor
2020-07-02 01:20:12,686 [DEBUG] c:\users\yu10wa\appdata\local\programs\python\python38\lib\asyncio\proactor_events.py:623 Using proactor: IocpProactor
2020-07-02 01:20:14,958 [DEBUG] c:\users\yu10wa\appdata\local\programs\python\python38\lib\asyncio\proactor_events.py:623 Using proactor: IocpProactor
2020-07-02 01:20:19,969 [DEBUG] c:\users\yu10wa\appdata\local\programs\python\python38\lib\asyncio\proactor_events.py:623 Using proactor: IocpProactor
2020-07-02 01:21:12,604 [DEBUG] c:\users\yu10wa\appdata\local\programs\python\python38\lib\asyncio\proactor_events.py:623 Using proactor: IocpProactor
2020-07-02 01:22:02,010 [DEBUG] c:\users\yu10wa\appdata\local\programs\python\python38\lib\asyncio\proactor_events.py:623 Using proactor: IocpProactor
2020-07-02 01:22:02,536 [DEBUG] c:\users\yu10wa\appdata\local\programs\python\python38\lib\asyncio\proactor_events.py:623 Using proactor: IocpProactor
2020-07-02 01:23:31,594 [DEBUG] c:\users\yu10wa\appdata\local\programs\python\python38\lib\asyncio\proactor_events.py:623 Using proactor: IocpProactor
2020-07-02 01:24:49,009 [DEBUG] c:\users\yu10wa\appdata\local\programs\python\python38\lib\asyncio\proactor_events.py:623 Using proactor: IocpProactor
2020-07-02 01:24:52,922 [DEBUG] c:\users\yu10wa\appdata\local\programs\python\python38\lib\asyncio\proactor_events.py:623 Using proactor: IocpProactor
2020-07-02 01:24:53,027 [DEBUG] c:\users\yu10wa\appdata\local\programs\python\python38\lib\asyncio\proactor_events.py:623 Using proactor: IocpProactor
2020-07-02 01:26:11,968 [DEBUG] c:\users\yu10wa\appdata\local\programs\python\python38\lib\asyncio\proactor_events.py:623 Using proactor: IocpProactor
2020-07-02 01:26:14,641 [DEBUG] c:\users\yu10wa\appdata\local\programs\python\python38\lib\asyncio\proactor_events.py:623 Using proactor: IocpProactor
2020-07-02 01:26:14,720 [DEBUG] c:\users\yu10wa\appdata\local\programs\python\python38\lib\asyncio\proactor_events.py:623 Using proactor: IocpProactor
2020-07-02 01:26:17,220 [DEBUG] c:\users\yu10wa\appdata\local\programs\python\python38\lib\asyncio\proactor_events.py:623 Using proactor: IocpProactor
2020-07-02 01:26:19,094 [DEBUG] c:\users\yu10wa\appdata\local\programs\python\python38\lib\asyncio\proactor_events.py:623 Using proactor: IocpProactor
2020-07-02 01:26:37,977 [DEBUG] c:\users\yu10wa\appdata\local\programs\python\python38\lib\asyncio\proactor_events.py:623 Using proactor: IocpProactor
2020-07-02 01:26:38,062 [DEBUG] c:\users\yu10wa\appdata\local\programs\python\python38\lib\asyncio\proactor_events.py:623 Using proactor: IocpProactor
2020-07-02 01:28:08,435 [DEBUG] c:\users\yu10wa\appdata\local\programs\python\python38\lib\asyncio\proactor_events.py:623 Using proactor: IocpProactor
2020-07-02 01:28:16,223 [DEBUG] c:\users\yu10wa\appdata\local\programs\python\python38\lib\asyncio\proactor_events.py:623 Using proactor: IocpProactor
2020-07-02 01:29:50,161 [DEBUG] c:\users\yu10wa\appdata\local\programs\python\python38\lib\asyncio\proactor_events.py:623 Using proactor: IocpProactor
2020-07-02 01:29:53,206 [DEBUG] c:\users\yu10wa\appdata\local\programs\python\python38\lib\asyncio\proactor_events.py:623 Using proactor: IocpProactor
2020-07-02 01:29:53,313 [DEBUG] c:\users\yu10wa\appdata\local\programs\python\python38\lib\asyncio\proactor_events.py:623 Using proactor: IocpProactor
2020-07-02 01:29:55,590 [DEBUG] c:\users\yu10wa\appdata\local\programs\python\python38\lib\asyncio\proactor_events.py:623 Using proactor: IocpProactor
2020-07-02 01:29:57,728 [DEBUG] c:\users\yu10wa\appdata\local\programs\python\python38\lib\asyncio\proactor_events.py:623 Using proactor: IocpProactor
2020-07-02 01:38:49,351 [DEBUG] c:\users\yu10wa\appdata\local\programs\python\python38\lib\asyncio\proactor_events.py:623 Using proactor: IocpProactor
2020-07-02 01:38:54,330 [DEBUG] c:\users\yu10wa\appdata\local\programs\python\python38\lib\asyncio\proactor_events.py:623 Using proactor: IocpProactor
2020-07-02 01:38:54,430 [DEBUG] c:\users\yu10wa\appdata\local\programs\python\python38\lib\asyncio\proactor_events.py:623 Using proactor: IocpProactor
2020-07-02 01:38:57,242 [DEBUG] c:\users\yu10wa\appdata\local\programs\python\python38\lib\asyncio\proactor_events.py:623 Using proactor: IocpProactor
2020-07-02 01:38:59,269 [DEBUG] c:\users\yu10wa\appdata\local\programs\python\python38\lib\asyncio\proactor_events.py:623 Using proactor: IocpProactor
2020-07-02 01:41:02,964 [DEBUG] c:\users\yu10wa\appdata\local\programs\python\python38\lib\asyncio\proactor_events.py:623 Using proactor: IocpProactor
2020-07-02 01:41:35,101 [DEBUG] c:\users\yu10wa\appdata\local\programs\python\python38\lib\asyncio\proactor_events.py:623 Using proactor: IocpProactor
2020-07-02 01:45:49,304 [DEBUG] c:\users\yu10wa\appdata\local\programs\python\python38\lib\asyncio\proactor_events.py:623 Using proactor: IocpProactor
2020-07-02 01:46:03,279 [DEBUG] c:\users\yu10wa\appdata\local\programs\python\python38\lib\asyncio\proactor_events.py:623 Using proactor: IocpProactor
2020-07-02 01:46:03,376 [DEBUG] c:\users\yu10wa\appdata\local\programs\python\python38\lib\asyncio\proactor_events.py:623 Using proactor: IocpProactor
2020-07-02 01:46:06,559 [DEBUG] c:\users\yu10wa\appdata\local\programs\python\python38\lib\asyncio\proactor_events.py:623 Using proactor: IocpProactor
2020-07-02 01:46:09,572 [DEBUG] c:\users\yu10wa\appdata\local\programs\python\python38\lib\asyncio\proactor_events.py:623 Using proactor: IocpProactor
2020-07-02 14:19:27,222 [DEBUG] c:\users\yu10wa\appdata\local\programs\python\python38\lib\asyncio\proactor_events.py:623 Using proactor: IocpProactor
2020-07-02 15:29:17,000 [DEBUG] C:\Users\OOMARU\AppData\Local\Programs\Python\Python38-32\lib\asyncio\proactor_events.py:623 Using proactor: IocpProactor
2020-07-02 15:32:09,766 [DEBUG] C:\Users\OOMARU\AppData\Local\Programs\Python\Python38-32\lib\asyncio\proactor_events.py:623 Using proactor: IocpProactor
2020-07-02 15:34:46,680 [DEBUG] C:\Users\OOMARU\AppData\Local\Programs\Python\Python38-32\lib\asyncio\proactor_events.py:623 Using proactor: IocpProactor
2020-07-02 15:47:36,862 [DEBUG] C:\Users\OOMARU\AppData\Local\Programs\Python\Python38-32\lib\asyncio\proactor_events.py:623 Using proactor: IocpProactor
2020-07-02 15:47:52,258 [DEBUG] C:\Users\OOMARU\AppData\Local\Programs\Python\Python38-32\lib\asyncio\proactor_events.py:623 Using proactor: IocpProactor
2020-07-02 15:52:44,336 [DEBUG] C:\Users\OOMARU\AppData\Local\Programs\Python\Python38-32\lib\asyncio\proactor_events.py:623 Using proactor: IocpProactor
2020-07-02 15:52:55,247 [DEBUG] C:\Users\OOMARU\AppData\Local\Programs\Python\Python38-32\lib\asyncio\proactor_events.py:623 Using proactor: IocpProactor
2020-07-02 15:55:34,443 [DEBUG] C:\Users\OOMARU\AppData\Local\Programs\Python\Python38-32\lib\asyncio\proactor_events.py:623 Using proactor: IocpProactor
2020-07-02 15:58:05,422 [DEBUG] C:\Users\OOMARU\AppData\Local\Programs\Python\Python38-32\lib\asyncio\proactor_events.py:623 Using proactor: IocpProactor
2020-07-02 16:03:58,165 [DEBUG] C:\Users\OOMARU\AppData\Local\Programs\Python\Python38-32\lib\asyncio\proactor_events.py:623 Using proactor: IocpProactor
2020-07-02 16:04:58,045 [DEBUG] C:\Users\OOMARU\AppData\Local\Programs\Python\Python38-32\lib\asyncio\proactor_events.py:623 Using proactor: IocpProactor
2020-07-02 16:05:03,742 [DEBUG] C:\Users\OOMARU\AppData\Local\Programs\Python\Python38-32\lib\asyncio\proactor_events.py:623 Using proactor: IocpProactor
2020-07-02 16:06:38,127 [DEBUG] C:\Users\OOMARU\AppData\Local\Programs\Python\Python38-32\lib\asyncio\proactor_events.py:623 Using proactor: IocpProactor
2020-07-02 16:06:38,251 [DEBUG] C:\Users\OOMARU\AppData\Local\Programs\Python\Python38-32\lib\asyncio\proactor_events.py:623 Using proactor: IocpProactor
2020-07-02 16:09:01,024 [DEBUG] C:\Users\OOMARU\AppData\Local\Programs\Python\Python38-32\lib\asyncio\proactor_events.py:623 Using proactor: IocpProactor
2020-07-02 16:10:01,768 [DEBUG] C:\Users\OOMARU\AppData\Local\Programs\Python\Python38-32\lib\asyncio\proactor_events.py:623 Using proactor: IocpProactor
2020-07-02 16:10:43,224 [DEBUG] C:\Users\OOMARU\AppData\Local\Programs\Python\Python38-32\lib\asyncio\proactor_events.py:623 Using proactor: IocpProactor
2020-07-02 16:11:08,880 [DEBUG] C:\Users\OOMARU\AppData\Local\Programs\Python\Python38-32\lib\asyncio\proactor_events.py:623 Using proactor: IocpProactor
2020-07-02 16:11:48,592 [DEBUG] C:\Users\OOMARU\AppData\Local\Programs\Python\Python38-32\lib\asyncio\proactor_events.py:623 Using proactor: IocpProactor
2020-07-02 16:12:11,638 [DEBUG] C:\Users\OOMARU\AppData\Local\Programs\Python\Python38-32\lib\asyncio\proactor_events.py:623 Using proactor: IocpProactor
2020-07-02 16:12:50,630 [DEBUG] C:\Users\OOMARU\AppData\Local\Programs\Python\Python38-32\lib\asyncio\proactor_events.py:623 Using proactor: IocpProactor
2020-07-02 16:12:57,338 [DEBUG] C:\Users\OOMARU\AppData\Local\Programs\Python\Python38-32\lib\asyncio\proactor_events.py:623 Using proactor: IocpProactor
2020-07-02 16:12:57,474 [DEBUG] C:\Users\OOMARU\AppData\Local\Programs\Python\Python38-32\lib\asyncio\proactor_events.py:623 Using proactor: IocpProactor
2020-07-02 18:58:24,402 [DEBUG] c:\users\yu10wa\appdata\local\programs\python\python38\lib\asyncio\proactor_events.py:623 Using proactor: IocpProactor
2020-07-02 18:58:29,206 [DEBUG] c:\users\yu10wa\appdata\local\programs\python\python38\lib\asyncio\proactor_events.py:623 Using proactor: IocpProactor
2020-07-02 18:58:41,458 [DEBUG] c:\users\yu10wa\appdata\local\programs\python\python38\lib\asyncio\proactor_events.py:623 Using proactor: IocpProactor
